<?xml version="1.0" encoding="UTF-8"?>
<!-- Generated by org.testng.reporters.JUnitXMLReporter -->
<testsuite ignored="12" hostname="DESKTOP-GKUD8OV" failures="0" tests="1" name="Default test" time="27.057" errors="0" timestamp="2022-07-06T18:46:51 IST">
  <testcase classname="test.ZerodhaHomePageTest" name="addStock" time="3.02"/>
  <testcase classname="test.ZerodhaHomePageTest" name="marketDepthStock" time="0.0">
    <ignored/>
  </testcase> <!-- marketDepthStock -->
  <testcase classname="test.ZerodhaHomePageTest" name="buyStockFromSearchList" time="0.0">
    <ignored/>
  </testcase> <!-- buyStockFromSearchList -->
  <testcase classname="test.ZerodhaHomePageTest" name="clickOnHoldings" time="0.0">
    <ignored/>
  </testcase> <!-- clickOnHoldings -->
  <testcase classname="test.ZerodhaHomePageTest" name="chartStock" time="0.0">
    <ignored/>
  </testcase> <!-- chartStock -->
  <testcase classname="test.ZerodhaHomePageTest" name="buyStock" time="0.0">
    <ignored/>
  </testcase> <!-- buyStock -->
  <testcase classname="test.ZerodhaHomePageTest" name="sellStock" time="0.0">
    <ignored/>
  </testcase> <!-- sellStock -->
  <testcase classname="test.ZerodhaHomePageTest" name="clickOnMore" time="0.0">
    <ignored/>
  </testcase> <!-- clickOnMore -->
  <testcase classname="test.ZerodhaHomePageTest" name="clickOnUser" time="0.0">
    <ignored/>
  </testcase> <!-- clickOnUser -->
  <testcase classname="test.ZerodhaHomePageTest" name="clickOnFunds" time="0.0">
    <ignored/>
  </testcase> <!-- clickOnFunds -->
  <testcase classname="test.ZerodhaHomePageTest" name="deleteStock" time="0.0">
    <ignored/>
  </testcase> <!-- deleteStock -->
  <testcase classname="test.ZerodhaHomePageTest" name="buyFromSearchList" time="0.0">
    <ignored/>
  </testcase> <!-- buyFromSearchList -->
  <testcase classname="test.ZerodhaHomePageTest" name="clickOnOrders" time="0.0">
    <ignored/>
  </testcase> <!-- clickOnOrders -->
</testsuite> <!-- Default test -->
