<?xml version="1.0" encoding="UTF-8"?>
<testng-results ignored="12" total="13" passed="1" failed="0" skipped="0">
  <reporter-output>
  </reporter-output>
  <suite started-at="2022-07-06T18:46:24 IST" name="Default suite" finished-at="2022-07-06T18:46:51 IST" duration-ms="27057">
    <groups>
    </groups>
    <test started-at="2022-07-06T18:46:24 IST" name="Default test" finished-at="2022-07-06T18:46:51 IST" duration-ms="27057">
      <class name="test.ZerodhaHomePageTest">
        <test-method is-config="true" signature="login()[pri:0, instance:test.ZerodhaHomePageTest@661972b0]" started-at="2022-07-06T18:46:24 IST" name="login" finished-at="2022-07-06T18:46:45 IST" duration-ms="20615" status="PASS">
          <reporter-output>
          </reporter-output>
        </test-method> <!-- login -->
        <test-method signature="addStock()[pri:9, instance:test.ZerodhaHomePageTest@661972b0]" started-at="2022-07-06T18:46:45 IST" name="addStock" finished-at="2022-07-06T18:46:48 IST" duration-ms="3020" status="PASS">
          <reporter-output>
          </reporter-output>
        </test-method> <!-- addStock -->
        <test-method is-config="true" signature="screenshot()[pri:0, instance:test.ZerodhaHomePageTest@661972b0]" started-at="2022-07-06T18:46:48 IST" name="screenshot" finished-at="2022-07-06T18:46:51 IST" duration-ms="3354" status="PASS">
          <reporter-output>
          </reporter-output>
        </test-method> <!-- screenshot -->
      </class> <!-- test.ZerodhaHomePageTest -->
    </test> <!-- Default test -->
  </suite> <!-- Default suite -->
</testng-results>
